<?xml version="1.0" encoding="UTF-8"?>
<testng-results ignored="0" total="8" passed="8" failed="0" skipped="0">
  <reporter-output>
  </reporter-output>
  <suite started-at="2022-03-10T22:01:33 IST" name="Suite" finished-at="2022-03-10T22:04:02 IST" duration-ms="148943">
    <groups>
    </groups>
    <test started-at="2022-03-10T22:01:33 IST" name="ChromeTest" finished-at="2022-03-10T22:02:45 IST" duration-ms="72008">
      <class name="pack123.TestNgTestClass1">
        <test-method is-config="true" signature="launchBrowser(java.lang.String)[pri:0, instance:pack123.TestNgTestClass1@4efc180e]" started-at="2022-03-10T22:01:33 IST" name="launchBrowser" finished-at="2022-03-10T22:01:42 IST" duration-ms="8311" status="PASS">
          <params>
            <param index="0">
              <value>
                <![CDATA[Chrome]]>
              </value>
            </param>
          </params>
          <reporter-output>
          </reporter-output>
        </test-method> <!-- launchBrowser -->
        <test-method is-config="true" signature="createObject()[pri:0, instance:pack123.TestNgTestClass1@4efc180e]" started-at="2022-03-10T22:01:42 IST" name="createObject" finished-at="2022-03-10T22:01:44 IST" duration-ms="2334" status="PASS">
          <reporter-output>
          </reporter-output>
        </test-method> <!-- createObject -->
        <test-method is-config="true" signature="logInToApplication()[pri:0, instance:pack123.TestNgTestClass1@4efc180e]" started-at="2022-03-10T22:01:44 IST" name="logInToApplication" finished-at="2022-03-10T22:01:48 IST" duration-ms="3895" status="PASS">
          <reporter-output>
          </reporter-output>
        </test-method> <!-- logInToApplication -->
        <test-method signature="verifyOpenReportPage()[pri:0, instance:pack123.TestNgTestClass1@4efc180e]" started-at="2022-03-10T22:01:48 IST" name="verifyOpenReportPage" finished-at="2022-03-10T22:01:50 IST" duration-ms="1575" status="PASS">
          <reporter-output>
          </reporter-output>
        </test-method> <!-- verifyOpenReportPage -->
        <test-method is-config="true" signature="logoutAccount(org.testng.ITestResult)[pri:0, instance:pack123.TestNgTestClass1@4efc180e]" started-at="2022-03-10T22:01:50 IST" name="logoutAccount" finished-at="2022-03-10T22:02:00 IST" duration-ms="10631" status="PASS">
          <params>
            <param index="0">
              <value>
                <![CDATA[[TestResult name=verifyOpenReportPage status=SUCCESS method=TestNgTestClass1.verifyOpenReportPage()[pri:0, instance:pack123.TestNgTestClass1@4efc180e] output={null}]]]>
              </value>
            </param>
          </params>
          <reporter-output>
          </reporter-output>
        </test-method> <!-- logoutAccount -->
        <test-method is-config="true" signature="logInToApplication()[pri:0, instance:pack123.TestNgTestClass1@4efc180e]" started-at="2022-03-10T22:02:00 IST" name="logInToApplication" finished-at="2022-03-10T22:02:03 IST" duration-ms="2814" status="PASS">
          <reporter-output>
          </reporter-output>
        </test-method> <!-- logInToApplication -->
        <test-method signature="verifyTaskTab()[pri:0, instance:pack123.TestNgTestClass1@4efc180e]" started-at="2022-03-10T22:02:03 IST" name="verifyTaskTab" finished-at="2022-03-10T22:02:04 IST" duration-ms="969" status="PASS">
          <reporter-output>
          </reporter-output>
        </test-method> <!-- verifyTaskTab -->
        <test-method is-config="true" signature="logoutAccount(org.testng.ITestResult)[pri:0, instance:pack123.TestNgTestClass1@4efc180e]" started-at="2022-03-10T22:02:04 IST" name="logoutAccount" finished-at="2022-03-10T22:02:15 IST" duration-ms="10598" status="PASS">
          <params>
            <param index="0">
              <value>
                <![CDATA[[TestResult name=verifyTaskTab status=SUCCESS method=TestNgTestClass1.verifyTaskTab()[pri:0, instance:pack123.TestNgTestClass1@4efc180e] output={null}]]]>
              </value>
            </param>
          </params>
          <reporter-output>
          </reporter-output>
        </test-method> <!-- logoutAccount -->
        <test-method is-config="true" signature="logInToApplication()[pri:0, instance:pack123.TestNgTestClass1@4efc180e]" started-at="2022-03-10T22:02:15 IST" name="logInToApplication" finished-at="2022-03-10T22:02:18 IST" duration-ms="2862" status="PASS">
          <reporter-output>
          </reporter-output>
        </test-method> <!-- logInToApplication -->
        <test-method signature="verifyUserPage()[pri:0, instance:pack123.TestNgTestClass1@4efc180e]" started-at="2022-03-10T22:02:18 IST" name="verifyUserPage" finished-at="2022-03-10T22:02:20 IST" duration-ms="2123" status="PASS">
          <reporter-output>
          </reporter-output>
        </test-method> <!-- verifyUserPage -->
        <test-method is-config="true" signature="logoutAccount(org.testng.ITestResult)[pri:0, instance:pack123.TestNgTestClass1@4efc180e]" started-at="2022-03-10T22:02:20 IST" name="logoutAccount" finished-at="2022-03-10T22:02:30 IST" duration-ms="10523" status="PASS">
          <params>
            <param index="0">
              <value>
                <![CDATA[[TestResult name=verifyUserPage status=SUCCESS method=TestNgTestClass1.verifyUserPage()[pri:0, instance:pack123.TestNgTestClass1@4efc180e] output={null}]]]>
              </value>
            </param>
          </params>
          <reporter-output>
          </reporter-output>
        </test-method> <!-- logoutAccount -->
        <test-method is-config="true" signature="logInToApplication()[pri:0, instance:pack123.TestNgTestClass1@4efc180e]" started-at="2022-03-10T22:02:30 IST" name="logInToApplication" finished-at="2022-03-10T22:02:32 IST" duration-ms="2161" status="PASS">
          <reporter-output>
          </reporter-output>
        </test-method> <!-- logInToApplication -->
        <test-method signature="verifyWorkSchedualPage()[pri:0, instance:pack123.TestNgTestClass1@4efc180e]" started-at="2022-03-10T22:02:32 IST" name="verifyWorkSchedualPage" finished-at="2022-03-10T22:02:33 IST" duration-ms="824" status="PASS">
          <reporter-output>
          </reporter-output>
        </test-method> <!-- verifyWorkSchedualPage -->
        <test-method is-config="true" signature="logoutAccount(org.testng.ITestResult)[pri:0, instance:pack123.TestNgTestClass1@4efc180e]" started-at="2022-03-10T22:02:33 IST" name="logoutAccount" finished-at="2022-03-10T22:02:44 IST" duration-ms="10516" status="PASS">
          <params>
            <param index="0">
              <value>
                <![CDATA[[TestResult name=verifyWorkSchedualPage status=SUCCESS method=TestNgTestClass1.verifyWorkSchedualPage()[pri:0, instance:pack123.TestNgTestClass1@4efc180e] output={null}]]]>
              </value>
            </param>
          </params>
          <reporter-output>
          </reporter-output>
        </test-method> <!-- logoutAccount -->
        <test-method is-config="true" signature="clearObjects()[pri:0, instance:pack123.TestNgTestClass1@4efc180e]" started-at="2022-03-10T22:02:44 IST" name="clearObjects" finished-at="2022-03-10T22:02:44 IST" duration-ms="7" status="PASS">
          <reporter-output>
          </reporter-output>
        </test-method> <!-- clearObjects -->
        <test-method is-config="true" signature="closeBrowser()[pri:0, instance:pack123.TestNgTestClass1@4efc180e]" started-at="2022-03-10T22:02:44 IST" name="closeBrowser" finished-at="2022-03-10T22:02:45 IST" duration-ms="1577" status="PASS">
          <reporter-output>
          </reporter-output>
        </test-method> <!-- closeBrowser -->
      </class> <!-- pack123.TestNgTestClass1 -->
    </test> <!-- ChromeTest -->
    <test started-at="2022-03-10T22:02:45 IST" name="McrosoftEdgeTest" finished-at="2022-03-10T22:04:02 IST" duration-ms="76777">
      <class name="pack123.TestNgTestClass1">
        <test-method is-config="true" signature="launchBrowser(java.lang.String)[pri:0, instance:pack123.TestNgTestClass1@2805d709]" started-at="2022-03-10T22:02:45 IST" name="launchBrowser" finished-at="2022-03-10T22:02:51 IST" duration-ms="5403" status="PASS">
          <params>
            <param index="0">
              <value>
                <![CDATA[MicrosoftEdge]]>
              </value>
            </param>
          </params>
          <reporter-output>
          </reporter-output>
        </test-method> <!-- launchBrowser -->
        <test-method is-config="true" signature="createObject()[pri:0, instance:pack123.TestNgTestClass1@2805d709]" started-at="2022-03-10T22:02:51 IST" name="createObject" finished-at="2022-03-10T22:02:56 IST" duration-ms="4876" status="PASS">
          <reporter-output>
          </reporter-output>
        </test-method> <!-- createObject -->
        <test-method is-config="true" signature="logInToApplication()[pri:0, instance:pack123.TestNgTestClass1@2805d709]" started-at="2022-03-10T22:02:56 IST" name="logInToApplication" finished-at="2022-03-10T22:03:02 IST" duration-ms="6731" status="PASS">
          <reporter-output>
          </reporter-output>
        </test-method> <!-- logInToApplication -->
        <test-method signature="verifyOpenReportPage()[pri:0, instance:pack123.TestNgTestClass1@2805d709]" started-at="2022-03-10T22:03:02 IST" name="verifyOpenReportPage" finished-at="2022-03-10T22:03:05 IST" duration-ms="2076" status="PASS">
          <reporter-output>
          </reporter-output>
        </test-method> <!-- verifyOpenReportPage -->
        <test-method is-config="true" signature="logoutAccount(org.testng.ITestResult)[pri:0, instance:pack123.TestNgTestClass1@2805d709]" started-at="2022-03-10T22:03:05 IST" name="logoutAccount" finished-at="2022-03-10T22:03:15 IST" duration-ms="10877" status="PASS">
          <params>
            <param index="0">
              <value>
                <![CDATA[[TestResult name=verifyOpenReportPage status=SUCCESS method=TestNgTestClass1.verifyOpenReportPage()[pri:0, instance:pack123.TestNgTestClass1@2805d709] output={null}]]]>
              </value>
            </param>
          </params>
          <reporter-output>
          </reporter-output>
        </test-method> <!-- logoutAccount -->
        <test-method is-config="true" signature="logInToApplication()[pri:0, instance:pack123.TestNgTestClass1@2805d709]" started-at="2022-03-10T22:03:15 IST" name="logInToApplication" finished-at="2022-03-10T22:03:19 IST" duration-ms="3148" status="PASS">
          <reporter-output>
          </reporter-output>
        </test-method> <!-- logInToApplication -->
        <test-method signature="verifyTaskTab()[pri:0, instance:pack123.TestNgTestClass1@2805d709]" started-at="2022-03-10T22:03:19 IST" name="verifyTaskTab" finished-at="2022-03-10T22:03:20 IST" duration-ms="1212" status="PASS">
          <reporter-output>
          </reporter-output>
        </test-method> <!-- verifyTaskTab -->
        <test-method is-config="true" signature="logoutAccount(org.testng.ITestResult)[pri:0, instance:pack123.TestNgTestClass1@2805d709]" started-at="2022-03-10T22:03:20 IST" name="logoutAccount" finished-at="2022-03-10T22:03:31 IST" duration-ms="10774" status="PASS">
          <params>
            <param index="0">
              <value>
                <![CDATA[[TestResult name=verifyTaskTab status=SUCCESS method=TestNgTestClass1.verifyTaskTab()[pri:0, instance:pack123.TestNgTestClass1@2805d709] output={null}]]]>
              </value>
            </param>
          </params>
          <reporter-output>
          </reporter-output>
        </test-method> <!-- logoutAccount -->
        <test-method is-config="true" signature="logInToApplication()[pri:0, instance:pack123.TestNgTestClass1@2805d709]" started-at="2022-03-10T22:03:31 IST" name="logInToApplication" finished-at="2022-03-10T22:03:33 IST" duration-ms="2276" status="PASS">
          <reporter-output>
          </reporter-output>
        </test-method> <!-- logInToApplication -->
        <test-method signature="verifyUserPage()[pri:0, instance:pack123.TestNgTestClass1@2805d709]" started-at="2022-03-10T22:03:33 IST" name="verifyUserPage" finished-at="2022-03-10T22:03:36 IST" duration-ms="2662" status="PASS">
          <reporter-output>
          </reporter-output>
        </test-method> <!-- verifyUserPage -->
        <test-method is-config="true" signature="logoutAccount(org.testng.ITestResult)[pri:0, instance:pack123.TestNgTestClass1@2805d709]" started-at="2022-03-10T22:03:36 IST" name="logoutAccount" finished-at="2022-03-10T22:03:46 IST" duration-ms="10730" status="PASS">
          <params>
            <param index="0">
              <value>
                <![CDATA[[TestResult name=verifyUserPage status=SUCCESS method=TestNgTestClass1.verifyUserPage()[pri:0, instance:pack123.TestNgTestClass1@2805d709] output={null}]]]>
              </value>
            </param>
          </params>
          <reporter-output>
          </reporter-output>
        </test-method> <!-- logoutAccount -->
        <test-method is-config="true" signature="logInToApplication()[pri:0, instance:pack123.TestNgTestClass1@2805d709]" started-at="2022-03-10T22:03:46 IST" name="logInToApplication" finished-at="2022-03-10T22:03:49 IST" duration-ms="2436" status="PASS">
          <reporter-output>
          </reporter-output>
        </test-method> <!-- logInToApplication -->
        <test-method signature="verifyWorkSchedualPage()[pri:0, instance:pack123.TestNgTestClass1@2805d709]" started-at="2022-03-10T22:03:49 IST" name="verifyWorkSchedualPage" finished-at="2022-03-10T22:03:50 IST" duration-ms="1119" status="PASS">
          <reporter-output>
          </reporter-output>
        </test-method> <!-- verifyWorkSchedualPage -->
        <test-method is-config="true" signature="logoutAccount(org.testng.ITestResult)[pri:0, instance:pack123.TestNgTestClass1@2805d709]" started-at="2022-03-10T22:03:50 IST" name="logoutAccount" finished-at="2022-03-10T22:04:01 IST" duration-ms="10701" status="PASS">
          <params>
            <param index="0">
              <value>
                <![CDATA[[TestResult name=verifyWorkSchedualPage status=SUCCESS method=TestNgTestClass1.verifyWorkSchedualPage()[pri:0, instance:pack123.TestNgTestClass1@2805d709] output={null}]]]>
              </value>
            </param>
          </params>
          <reporter-output>
          </reporter-output>
        </test-method> <!-- logoutAccount -->
        <test-method is-config="true" signature="clearObjects()[pri:0, instance:pack123.TestNgTestClass1@2805d709]" started-at="2022-03-10T22:04:01 IST" name="clearObjects" finished-at="2022-03-10T22:04:01 IST" duration-ms="0" status="PASS">
          <reporter-output>
          </reporter-output>
        </test-method> <!-- clearObjects -->
        <test-method is-config="true" signature="closeBrowser()[pri:0, instance:pack123.TestNgTestClass1@2805d709]" started-at="2022-03-10T22:04:01 IST" name="closeBrowser" finished-at="2022-03-10T22:04:02 IST" duration-ms="1730" status="PASS">
          <reporter-output>
          </reporter-output>
        </test-method> <!-- closeBrowser -->
      </class> <!-- pack123.TestNgTestClass1 -->
    </test> <!-- McrosoftEdgeTest -->
  </suite> <!-- Suite -->
</testng-results>
