<?xml version="1.0" encoding="UTF-8"?>
<!-- Generated by org.testng.reporters.JUnitXMLReporter -->
<testsuite ignored="0" hostname="Sharad" failures="0" tests="4" name="ChromeTest" time="72.008" errors="0" timestamp="2022-03-10T22:02:45 IST">
  <testcase classname="pack123.TestNgTestClass1" name="verifyOpenReportPage" time="1.575"/>
  <testcase classname="pack123.TestNgTestClass1" name="verifyTaskTab" time="0.969"/>
  <testcase classname="pack123.TestNgTestClass1" name="verifyUserPage" time="2.123"/>
  <testcase classname="pack123.TestNgTestClass1" name="verifyWorkSchedualPage" time="0.824"/>
</testsuite> <!-- ChromeTest -->
