<?xml version="1.0" encoding="UTF-8"?>
<!-- Generated by org.testng.reporters.JUnitXMLReporter -->
<testsuite ignored="0" hostname="Sharad" failures="0" tests="4" name="McrosoftEdgeTest" time="76.777" errors="0" timestamp="2022-03-10T22:04:02 IST">
  <testcase classname="pack123.TestNgTestClass1" name="verifyOpenReportPage" time="2.076"/>
  <testcase classname="pack123.TestNgTestClass1" name="verifyTaskTab" time="1.212"/>
  <testcase classname="pack123.TestNgTestClass1" name="verifyUserPage" time="2.662"/>
  <testcase classname="pack123.TestNgTestClass1" name="verifyWorkSchedualPage" time="1.119"/>
</testsuite> <!-- McrosoftEdgeTest -->
